Line 255: Class MSAdodcLib.Adodc of control Adodc1 was not a loaded control class.
Line 261: The property name _ExtentX in Adodc1 is invalid.
Line 262: The property name _ExtentY in Adodc1 is invalid.
Line 263: The property name ConnectMode in Adodc1 is invalid.
Line 264: The property name CursorLocation in Adodc1 is invalid.
Line 265: The property name IsolationLevel in Adodc1 is invalid.
Line 266: The property name ConnectionTimeout in Adodc1 is invalid.
Line 267: The property name CommandTimeout in Adodc1 is invalid.
Line 268: The property name CursorType in Adodc1 is invalid.
Line 269: The property name LockType in Adodc1 is invalid.
Line 270: The property name CommandType in Adodc1 is invalid.
Line 271: The property name CursorOptions in Adodc1 is invalid.
Line 272: The property name CacheSize in Adodc1 is invalid.
Line 273: The property name MaxRecords in Adodc1 is invalid.
Line 274: The property name BOFAction in Adodc1 is invalid.
Line 275: The property name EOFAction in Adodc1 is invalid.
Line 276: The property name ConnectStringType in Adodc1 is invalid.
Line 280: The property name Orientation in Adodc1 is invalid.
Line 282: The property name Connect in Adodc1 is invalid.
Line 283: The property name OLEDBString in Adodc1 is invalid.
Line 284: The property name OLEDBFile in Adodc1 is invalid.
Line 285: The property name DataSourceName in Adodc1 is invalid.
Line 286: The property name OtherAttributes in Adodc1 is invalid.
Line 287: The property name UserName in Adodc1 is invalid.
Line 288: The property name Password in Adodc1 is invalid.
Line 289: The property name RecordSource in Adodc1 is invalid.
Line 290: The property name Caption in Adodc1 is invalid.
Line 300: The property name _Version in Adodc1 is invalid.
